[17:55:27] [INIT] KubeJS 2001.6.5-build.16; MC 2001 forge
[17:55:27] [INIT] Loaded plugins:
[17:55:27] [INIT] - dev.latvian.mods.kubejs.forge.BuiltinKubeJSForgePlugin
[17:55:27] [INIT] - net.threetag.palladium.compat.kubejs.PalladiumKubeJSPlugin
[17:55:28] [INFO] example.js#5: Hello, World! (Loaded startup scripts)
[17:55:28] [INFO] Loaded script startup_scripts:example.js in 0.071 s
[17:55:28] [INFO] Loaded script addonpack_fsang_hero:kubejs_scripts/xgene_manipulation.js in 0.015 s
[17:55:28] [INFO] Loaded script addonpack_fsang_hero:kubejs_scripts/x_ray_vision_ability.js in 0.008 s
[17:55:28] [INFO] Loaded script addonpack_fsang_hero:kubejs_scripts/wall_climb_move_condition.js in 0.001 s
[17:55:28] [INFO] Loaded script addonpack_fsang_hero:kubejs_scripts/wall_climb_condition.js in 0.001 s
[17:55:28] [INFO] addonpack_fsang_hero:kubejs_scripts/wall_climb.js#1: Loaded Java class 'net.minecraft.world.level.ClipContext'
[17:55:28] [INFO] addonpack_fsang_hero:kubejs_scripts/wall_climb.js#26: Loaded Java class 'net.minecraft.network.protocol.game.ClientboundSetEntityMotionPacket'
[17:55:28] [INFO] Loaded script addonpack_fsang_hero:kubejs_scripts/wall_climb.js in 0.018 s
[17:55:28] [INFO] Loaded script addonpack_fsang_hero:kubejs_scripts/vulcan_shield2.js in 0.001 s
[17:55:28] [INFO] Loaded script addonpack_fsang_hero:kubejs_scripts/vulcan_shield1.js in 0.0 s
[17:55:28] [INFO] Loaded script addonpack_fsang_hero:kubejs_scripts/vulcan_overload.js in 0.0 s
[17:55:28] [INFO] Loaded script addonpack_fsang_hero:kubejs_scripts/tellraw_ability.js in 0.001 s
[17:55:28] [INFO] Loaded script addonpack_fsang_hero:kubejs_scripts/teleport_ability2.js in 0.009 s
[17:55:28] [INFO] Loaded script addonpack_fsang_hero:kubejs_scripts/teleport_ability.js in 0.001 s
[17:55:28] [INFO] Loaded script addonpack_fsang_hero:kubejs_scripts/telepathy_stop.js in 0.003 s
[17:55:28] [INFO] Loaded script addonpack_fsang_hero:kubejs_scripts/tactile_telekinesis_stun.js in 0.004 s
[17:55:28] [INFO] Loaded script addonpack_fsang_hero:kubejs_scripts/symbiote_wraith_dna.js in 0.004 s
[17:55:28] [INFO] Loaded script addonpack_fsang_hero:kubejs_scripts/symbiote_venom_dna.js in 0.006 s
[17:55:28] [INFO] Loaded script addonpack_fsang_hero:kubejs_scripts/symbiote_toxin_dna.js in 0.001 s
[17:55:28] [INFO] Loaded script addonpack_fsang_hero:kubejs_scripts/symbiote_sleeper_dna.js in 0.001 s
[17:55:28] [INFO] Loaded script addonpack_fsang_hero:kubejs_scripts/symbiote_scream_dna.js in 0.001 s
[17:55:28] [INFO] Loaded script addonpack_fsang_hero:kubejs_scripts/symbiote_scorn_dna.js in 0.001 s
[17:55:28] [INFO] Loaded script addonpack_fsang_hero:kubejs_scripts/symbiote_riot_dna.js in 0.001 s
[17:55:28] [INFO] Loaded script addonpack_fsang_hero:kubejs_scripts/symbiote_phage_dna.js in 0.0 s
[17:55:28] [INFO] Loaded script addonpack_fsang_hero:kubejs_scripts/symbiote_montechiari_dna.js in 0.001 s
[17:55:28] [INFO] Loaded script addonpack_fsang_hero:kubejs_scripts/symbiote_misery_dna.js in 0.001 s
[17:55:28] [INFO] Loaded script addonpack_fsang_hero:kubejs_scripts/symbiote_lasher_dna.js in 0.0 s
[17:55:28] [INFO] Loaded script addonpack_fsang_hero:kubejs_scripts/symbiote_inumis_dna.js in 0.0 s
[17:55:28] [INFO] Loaded script addonpack_fsang_hero:kubejs_scripts/symbiote_hybrid_dna.js in 0.001 s
[17:55:28] [INFO] Loaded script addonpack_fsang_hero:kubejs_scripts/symbiote_host_rider_dna.js in 0.0 s
[17:55:28] [INFO] Loaded script addonpack_fsang_hero:kubejs_scripts/symbiote_grendel_dna.js in 0.002 s
[17:55:28] [INFO] Loaded script addonpack_fsang_hero:kubejs_scripts/symbiote_fang_dna.js in 0.005 s
[17:55:28] [INFO] Loaded script addonpack_fsang_hero:kubejs_scripts/symbiote_fallout_dna.js in 0.0 s
[17:55:28] [INFO] Loaded script addonpack_fsang_hero:kubejs_scripts/symbiote_empty_dna.js in 0.0 s
[17:55:28] [INFO] Loaded script addonpack_fsang_hero:kubejs_scripts/symbiote_curse_dna.js in 0.001 s
[17:55:28] [INFO] Loaded script addonpack_fsang_hero:kubejs_scripts/symbiote_carnage_dna.js in 0.001 s
[17:55:28] [INFO] Loaded script addonpack_fsang_hero:kubejs_scripts/symbiote_bloom_dna.js in 0.001 s
[17:55:28] [INFO] Loaded script addonpack_fsang_hero:kubejs_scripts/symbiote_agony_dna.js in 0.001 s
[17:55:28] [INFO] Loaded script addonpack_fsang_hero:kubejs_scripts/speedforce_chemicals.js in 0.004 s
[17:55:28] [INFO] Loaded script addonpack_fsang_hero:kubejs_scripts/speed_power.js in 0.003 s
[17:55:28] [INFO] Loaded script addonpack_fsang_hero:kubejs_scripts/sound_poisoning.js in 0.0 s
[17:55:28] [INFO] Loaded script addonpack_fsang_hero:kubejs_scripts/sleep_condition.js in 0.006 s
[17:55:28] [INFO] Loaded script addonpack_fsang_hero:kubejs_scripts/shock.js in 0.001 s
[17:55:28] [INFO] Loaded script addonpack_fsang_hero:kubejs_scripts/scoreboard_math.js in 0.003 s
[17:55:28] [INFO] Loaded script addonpack_fsang_hero:kubejs_scripts/scoreboard_ability.js in 0.001 s
[17:55:28] [INFO] Loaded script addonpack_fsang_hero:kubejs_scripts/scarab_shield.js in 0.001 s
[17:55:28] [INFO] addonpack_fsang_hero:kubejs_scripts/rf_percentage_condition.js#2: Loaded Java class 'net.threetag.palladium.compat.curiostinkets.CuriosTrinketsUtil'
[17:55:28] [INFO] addonpack_fsang_hero:kubejs_scripts/rf_percentage_condition.js#3: Loaded Java class 'net.threetag.palladium.energy.EnergyHelper'
[17:55:28] [INFO] Loaded script addonpack_fsang_hero:kubejs_scripts/rf_percentage_condition.js in 0.026 s
[17:55:28] [INFO] Loaded script addonpack_fsang_hero:kubejs_scripts/rf_hud.js in 0.017 s
[17:55:28] [INFO] Loaded script addonpack_fsang_hero:kubejs_scripts/remove_hand_item_ability.js in 0.001 s
[17:55:28] [INFO] Loaded script addonpack_fsang_hero:kubejs_scripts/radiant_black_hole.js in 0.0 s
[17:55:28] [INFO] Loaded script addonpack_fsang_hero:kubejs_scripts/psychic_damage.js in 0.0 s
[17:55:28] [INFO] Loaded script addonpack_fsang_hero:kubejs_scripts/power_dampen.js in 0.0 s
[17:55:28] [INFO] Loaded script addonpack_fsang_hero:kubejs_scripts/phoenix_healing.js in 0.0 s
[17:55:28] [INFO] Loaded script addonpack_fsang_hero:kubejs_scripts/magnetism_poisoning.js in 0.001 s
[17:55:28] [INFO] Loaded script addonpack_fsang_hero:kubejs_scripts/leap_back.js in 0.001 s
[17:55:28] [INFO] Loaded script addonpack_fsang_hero:kubejs_scripts/leap.js in 0.0 s
[17:55:28] [INFO] Loaded script addonpack_fsang_hero:kubejs_scripts/kryptonite_poisoning.js in 0.001 s
[17:55:28] [INFO] Loaded script addonpack_fsang_hero:kubejs_scripts/iventory_condition.js in 0.001 s
[17:55:28] [INFO] Loaded script addonpack_fsang_hero:kubejs_scripts/is_rf_condition.js in 0.005 s
[17:55:28] [INFO] Loaded script addonpack_fsang_hero:kubejs_scripts/ice_block.js in 0.0 s
[17:55:28] [INFO] Loaded script addonpack_fsang_hero:kubejs_scripts/hellspawn.js in 0.001 s
[17:55:28] [INFO] Loaded script addonpack_fsang_hero:kubejs_scripts/height_condition.js in 0.0 s
[17:55:28] [INFO] Loaded script addonpack_fsang_hero:kubejs_scripts/hand_condition.js in 0.0 s
[17:55:28] [INFO] Loaded script addonpack_fsang_hero:kubejs_scripts/get_energy_condition2.js in 0.011 s
[17:55:28] [INFO] Loaded script addonpack_fsang_hero:kubejs_scripts/get_energy_condition.js in 0.002 s
[17:55:28] [INFO] Loaded script addonpack_fsang_hero:kubejs_scripts/gamma_radiation.js in 0.002 s
[17:55:28] [INFO] Loaded script addonpack_fsang_hero:kubejs_scripts/freezing.js in 0.001 s
[17:55:29] [INFO] Loaded script addonpack_fsang_hero:kubejs_scripts/entity_damage.js in 0.013 s
[17:55:29] [INFO] Loaded script addonpack_fsang_hero:kubejs_scripts/enderchest_ability.js in 0.0 s
[17:55:29] [INFO] Loaded script addonpack_fsang_hero:kubejs_scripts/dynamic_attribute.js in 0.001 s
[17:55:29] [INFO] Loaded script addonpack_fsang_hero:kubejs_scripts/drain_per_tick.js in 0.002 s
[17:55:29] [INFO] Loaded script addonpack_fsang_hero:kubejs_scripts/curios_trinkets_condition.js in 0.001 s
[17:55:29] [INFO] Loaded script addonpack_fsang_hero:kubejs_scripts/block_condition.js in 0.001 s
[17:55:29] [INFO] Loaded script addonpack_fsang_hero:kubejs_scripts/asgardian_effect.js in 0.0 s
[17:55:29] [INFO] Loaded script addonpack_fsang_hero:kubejs_scripts/ad_astra_breathing.js in 0.0 s
[17:55:29] [INFO] Loaded script addonpack_fsang_hero:kubejs_scripts/ad_astra_ability.js in 0.001 s
[17:55:29] [INFO] addonpack_dampened:kubejs_scripts/dampen_block_tick.js#1: Loaded Java class 'net.minecraft.world.level.block.state.properties.IntegerProperty'
[17:55:29] [INFO] addonpack_dampened:kubejs_scripts/dampen_block_tick.js#2: Loaded Java class 'net.minecraft.world.level.block.state.properties.BooleanProperty'
[17:55:29] [INFO] Loaded script addonpack_dampened:kubejs_scripts/dampen_block_tick.js in 0.02 s
[17:55:29] [INFO] Loaded script addonpack_dampened:kubejs_scripts/dampened_effects.js in 0.013 s
[17:55:29] [INFO] addonpack_dampened:kubejs_scripts/safe_effect_check.js#6: Loaded Java class 'net.minecraft.core.registries.BuiltInRegistries'
[17:55:29] [INFO] Loaded script addonpack_dampened:kubejs_scripts/safe_effect_check.js in 0.006 s
[17:55:29] [INFO] addonpack_dampened:kubejs_scripts/dampened_items.js#7: Loaded Java class 'top.theillusivec4.curios.api.CuriosApi'
[17:55:29] [INFO] addonpack_dampened:kubejs_scripts/dampened_items.js#8: Loaded Java class 'java.util.UUID'
[17:55:29] [INFO] addonpack_dampened:kubejs_scripts/dampened_items.js#9: Loaded Java class 'dev.latvian.mods.kubejs.util.UtilsJS'
[17:55:29] [INFO] addonpack_dampened:kubejs_scripts/dampened_items.js#10: Loaded Java class 'net.minecraft.resources.ResourceLocation'
[17:55:29] [INFO] addonpack_dampened:kubejs_scripts/dampened_items.js#12: Loaded Java class 'net.threetag.palladium.util.PlayerUtil'
[17:55:29] [INFO] Loaded script addonpack_dampened:kubejs_scripts/dampened_items.js in 0.04 s
[17:55:29] [INFO] Loaded script addonpack_dampened:kubejs_scripts/register_sounds.js in 0.001 s
[17:55:29] [INFO] Loaded script addonpack_grave.ht:kubejs_scripts/vulp_talk.js in 0.0 s
[17:55:29] [INFO] Loaded script addonpack_grave.ht:kubejs_scripts/unlock.js in 0.006 s
[17:55:29] [INFO] Loaded script addonpack_grave.ht:kubejs_scripts/transform.js in 0.007 s
[17:55:29] [INFO] Loaded script addonpack_grave.ht:kubejs_scripts/token.js in 0.001 s
[17:55:29] [INFO] Loaded script addonpack_grave.ht:kubejs_scripts/removetoken.js in 0.003 s
[17:55:29] [INFO] Loaded script addonpack_grave.ht:kubejs_scripts/omnitrix_cycle_playlists.js in 0.003 s
[17:55:29] [INFO] Loaded script addonpack_grave.ht:kubejs_scripts/omnitrix_cycle.js in 0.006 s
[17:55:29] [INFO] Loaded script addonpack_grave.ht:kubejs_scripts/omnitrix_alien_wipe.js in 0.001 s
[17:55:29] [INFO] Loaded script addonpack_grave.ht:kubejs_scripts/items.js in 0.014 s
[17:55:29] [INFO] Loaded script addonpack_grave.ht:kubejs_scripts/galvan_workbench_block.js in 0.0 s
[17:55:29] [INFO] Loaded script addonpack_grave.ht:kubejs_scripts/detransform.js in 0.0 s
[17:55:29] [INFO] Loaded script addonpack_grave.ht:kubejs_scripts/decouple.js in 0.011 s
[17:55:29] [INFO] Loaded script addonpack_grave.ht:kubejs_scripts/couple.js in 0.002 s
[17:55:29] [INFO] Loaded script addonpack_grave.ht:kubejs_scripts/blocks.js in 0.002 s
[17:55:29] [INFO] Loaded script addonpack_grave.ht:kubejs_scripts/alien_database.js in 0.014 s
[17:55:29] [INFO] Loaded script addonpack_grave.core:kubejs_scripts/wall_climb_move_condition.js in 0.001 s
[17:55:29] [INFO] Loaded script addonpack_grave.core:kubejs_scripts/wall_climb_condition.js in 0.0 s
[17:55:29] [INFO] Loaded script addonpack_grave.core:kubejs_scripts/wall_climb.js in 0.004 s
[17:55:29] [INFO] Loaded script addonpack_grave.core:kubejs_scripts/uuid_condition.js in 0.0 s
[17:55:29] [INFO] Loaded script addonpack_grave.core:kubejs_scripts/store_armour.js in 0.004 s
[17:55:29] [INFO] Loaded script addonpack_grave.core:kubejs_scripts/stone_index.js in 0.037 s
[17:55:29] [INFO] Loaded script addonpack_grave.core:kubejs_scripts/stone_detection.js in 0.001 s
[17:55:29] [INFO] Loaded script addonpack_grave.core:kubejs_scripts/sonic_deafening.js in 0.001 s
[17:55:29] [INFO] Loaded script addonpack_grave.core:kubejs_scripts/snazzier_attribute_ability.js in 0.0 s
[17:55:29] [INFO] Loaded script addonpack_grave.core:kubejs_scripts/shock_effect.js in 0.001 s
[17:55:29] [INFO] Loaded script addonpack_grave.core:kubejs_scripts/projectile_script.js in 0.007 s
[17:55:29] [INFO] Loaded script addonpack_grave.core:kubejs_scripts/power_selected.js in 0.0 s
[17:55:29] [INFO] Loaded script addonpack_grave.core:kubejs_scripts/persistent_data_condition.js in 0.001 s
[17:55:29] [INFO] Loaded script addonpack_grave.core:kubejs_scripts/movement.js in 0.0 s
[17:55:29] [INFO] Loaded script addonpack_grave.core:kubejs_scripts/month_condition.js in 0.001 s
[17:55:29] [INFO] Loaded script addonpack_grave.core:kubejs_scripts/main_hand_condition.js in 0.0 s
[17:55:29] [INFO] Loaded script addonpack_grave.core:kubejs_scripts/items.js in 0.002 s
[17:55:29] [INFO] Loaded script addonpack_grave.core:kubejs_scripts/get_energy_condition.js in 0.001 s
[17:55:29] [INFO] Loaded script addonpack_grave.core:kubejs_scripts/freeze_effect.js in 0.01 s
[17:55:29] [INFO] Loaded script addonpack_grave.core:kubejs_scripts/explosion.js in 0.0 s
[17:55:29] [INFO] Loaded script addonpack_grave.core:kubejs_scripts/effect_condition.js in 0.0 s
[17:55:29] [INFO] addonpack_grave.core:kubejs_scripts/dynamic_pehkui_scale.js#1: Loaded Java class 'net.threetag.palladium.util.SizeUtil'
[17:55:29] [INFO] Loaded script addonpack_grave.core:kubejs_scripts/dynamic_pehkui_scale.js in 0.002 s
[17:55:29] [INFO] Loaded script addonpack_grave.core:kubejs_scripts/drain_per_tick.js in 0.001 s
[17:55:29] [INFO] Loaded script addonpack_grave.core:kubejs_scripts/date_condition.js in 0.0 s
[17:55:29] [INFO] Loaded script addonpack_grave.core:kubejs_scripts/camera.js in 0.001 s
[17:55:29] [INFO] Loaded script addonpack_grave.core:kubejs_scripts/burning_effect.js in 0.0 s
[17:55:29] [INFO] Loaded script addonpack_grave.core:kubejs_scripts/blocks.js in 0.001 s
[17:55:29] [INFO] addonpack_grave.core:kubejs_scripts/aoe_knockback.js#2: Loaded Java class 'net.minecraft.world.phys.Vec3'
[17:55:29] [INFO] Loaded script addonpack_grave.core:kubejs_scripts/aoe_knockback.js in 0.005 s
[17:55:29] [INFO] Loaded script addonpack_grave.core:kubejs_scripts/aoe_damage.js in 0.001 s
[17:55:29] [INFO] Loaded 123/123 KubeJS startup scripts in 0.989 s with 0 errors and 0 warnings
[17:55:29] [WARN] addonpack_fsang_hero:kubejs_scripts/vulcan_shield2.js#12: blockBuilder.material(string) is no longer supported! Use .soundType(SoundType) and .mapColor(MapColor) instead!
[17:55:29] [WARN] addonpack_fsang_hero:kubejs_scripts/vulcan_shield1.js#12: blockBuilder.material(string) is no longer supported! Use .soundType(SoundType) and .mapColor(MapColor) instead!
[17:55:29] [WARN] addonpack_fsang_hero:kubejs_scripts/scarab_shield.js#12: blockBuilder.material(string) is no longer supported! Use .soundType(SoundType) and .mapColor(MapColor) instead!
